<?xml version="1.0" encoding="UTF-8"?>
<testng-results skipped="0" failed="0" ignored="0" total="0" passed="0">
  <reporter-output>
  </reporter-output>
  <suite name="Cucumber Framework" duration-ms="156" started-at="2021-05-25T13:46:42 IST" finished-at="2021-05-25T13:46:42 IST">
    <groups>
      <group name="cucumber">
        <method signature="AbstractTestNGCucumberTests.runScenario(io.cucumber.testng.PickleEventWrapper, io.cucumber.testng.CucumberFeatureWrapper)[pri:0, instance:CucumberFramework.runner.MainRunner@1445d7f]" name="runScenario" class="io.cucumber.testng.AbstractTestNGCucumberTests"/>
      </group> <!-- cucumber -->
    </groups>
    <test name="Cucumber Tests" duration-ms="156" started-at="2021-05-25T13:46:42 IST" finished-at="2021-05-25T13:46:42 IST">
      <class name="CucumberFramework.runner.MainRunner">
        <test-method status="PASS" signature="setUpClass()[pri:0, instance:CucumberFramework.runner.MainRunner@1445d7f]" name="setUpClass" is-config="true" duration-ms="101" started-at="2021-05-25T13:46:42 IST" finished-at="2021-05-25T13:46:42 IST">
          <reporter-output>
          </reporter-output>
        </test-method> <!-- setUpClass -->
        <test-method status="PASS" signature="tearDownClass()[pri:0, instance:CucumberFramework.runner.MainRunner@1445d7f]" name="tearDownClass" is-config="true" duration-ms="1" started-at="2021-05-25T13:46:42 IST" finished-at="2021-05-25T13:46:42 IST">
          <reporter-output>
          </reporter-output>
        </test-method> <!-- tearDownClass -->
      </class> <!-- CucumberFramework.runner.MainRunner -->
    </test> <!-- Cucumber Tests -->
  </suite> <!-- Cucumber Framework -->
</testng-results>
